Starting project at /Users/younessabach/Documents/dev/workspaceMobile/NutriPlusApp
Starting Metro Bundler
The following packages should be updated for best compatibility with the installed expo version:
  react-native-reanimated@4.2.1 - expected version: ~4.1.1
  react-native-worklets@0.7.1 - expected version: 0.5.1
Your project may not work correctly until you install the expected versions of the packages.
Waiting on http://localhost:8081
Logs for your project will appear below.
Web ./index.js ░░░░░░░░░░░░░░░░  0.0% (0/1)
Web Bundled 685ms index.js (2265 modules)
 LOG  [web] Logs will appear in the browser console
Web Bundled 70ms node_modules/react-leaflet/lib/index.js (1 module)
Web ./index.js ░░░░░░░░░░░░░░░░  0.0% (0/1)
Web Bundled 47ms index.js (1 module)
 LOG  [web] Logs will appear in the browser console
Web Bundled 4ms node_modules/react-leaflet/lib/index.js (1 module)
Web ./index.js ░░░░░░░░░░░░░░░░  0.0% (0/1)
Web Bundled 39ms index.js (1 module)
 LOG  [web] Logs will appear in the browser console
Web Bundled 3ms node_modules/react-leaflet/lib/index.js (1 module)
Web ./index.js ░░░░░░░░░░░░░░░░  0.0% (0/1)
Web Bundled 33ms index.js (1 module)
 LOG  [web] Logs will appear in the browser console
Web Bundled 5ms node_modules/react-leaflet/lib/index.js (1 module)
