
[2025-12-30T13:59:53.295Z] DELETE REQUEST ID=06197717-8d74-4f31-8883-46aeab36385d UserID=48878815-37bd-4b7e-9673-96591f837cb1
Existing: YES Owner: 48878815-37bd-4b7e-9673-96591f837cb1 RequestUser: 48878815-37bd-4b7e-9673-96591f837cb1
Deleted Count: 1
[2025-12-30T13:59:53.816Z] DELETE REQUEST ID=0088740d-0f2a-47af-95a8-31fe350d158d UserID=48878815-37bd-4b7e-9673-96591f837cb1
Existing: YES Owner: 48878815-37bd-4b7e-9673-96591f837cb1 RequestUser: 48878815-37bd-4b7e-9673-96591f837cb1
Deleted Count: 1
[2025-12-30T13:59:54.014Z] DELETE REQUEST ID=0179e570-e0ac-4d23-bdcc-b3e8a4e13147 UserID=48878815-37bd-4b7e-9673-96591f837cb1
Existing: YES Owner: 48878815-37bd-4b7e-9673-96591f837cb1 RequestUser: 48878815-37bd-4b7e-9673-96591f837cb1
Deleted Count: 1
[2025-12-30T13:59:55.696Z] DELETE REQUEST ID=fab5efd3-0ff3-4810-bd2f-3080b4d37f6e UserID=48878815-37bd-4b7e-9673-96591f837cb1
Existing: YES Owner: 48878815-37bd-4b7e-9673-96591f837cb1 RequestUser: 48878815-37bd-4b7e-9673-96591f837cb1
Deleted Count: 1
[2025-12-30T13:59:56.159Z] DELETE REQUEST ID=0b363cbf-343b-44f6-b24e-fe2c7e3b0fca UserID=48878815-37bd-4b7e-9673-96591f837cb1
Existing: YES Owner: 48878815-37bd-4b7e-9673-96591f837cb1 RequestUser: 48878815-37bd-4b7e-9673-96591f837cb1
Deleted Count: 1
[2025-12-30T13:59:56.319Z] DELETE REQUEST ID=145be577-d45b-4db3-9b5a-61f511003d45 UserID=48878815-37bd-4b7e-9673-96591f837cb1
Existing: YES Owner: 48878815-37bd-4b7e-9673-96591f837cb1 RequestUser: 48878815-37bd-4b7e-9673-96591f837cb1
Deleted Count: 1
[2025-12-30T13:59:56.495Z] DELETE REQUEST ID=679da2d8-7cae-4d91-9599-ed7771515a6c UserID=48878815-37bd-4b7e-9673-96591f837cb1
Existing: YES Owner: 48878815-37bd-4b7e-9673-96591f837cb1 RequestUser: 48878815-37bd-4b7e-9673-96591f837cb1
Deleted Count: 1
[2025-12-30T13:59:56.670Z] DELETE REQUEST ID=9546d6d9-9073-47f4-b63b-4dad3ce4296c UserID=48878815-37bd-4b7e-9673-96591f837cb1
Existing: YES Owner: 48878815-37bd-4b7e-9673-96591f837cb1 RequestUser: 48878815-37bd-4b7e-9673-96591f837cb1
Deleted Count: 1
[2025-12-30T13:59:56.845Z] DELETE REQUEST ID=9680d747-e305-4010-b2a4-f87ebf41ef5f UserID=48878815-37bd-4b7e-9673-96591f837cb1
Existing: YES Owner: 48878815-37bd-4b7e-9673-96591f837cb1 RequestUser: 48878815-37bd-4b7e-9673-96591f837cb1
Deleted Count: 1
[2025-12-30T13:59:57.008Z] DELETE REQUEST ID=6bba5e3a-7ce7-4f53-a171-325d016c4117 UserID=48878815-37bd-4b7e-9673-96591f837cb1
Existing: YES Owner: 48878815-37bd-4b7e-9673-96591f837cb1 RequestUser: 48878815-37bd-4b7e-9673-96591f837cb1
Deleted Count: 1
[2025-12-30T14:00:12.901Z] DELETE REQUEST ID=74b601df-2833-46f8-9153-5a9575850a20 UserID=48878815-37bd-4b7e-9673-96591f837cb1
Existing: YES Owner: 48878815-37bd-4b7e-9673-96591f837cb1 RequestUser: 48878815-37bd-4b7e-9673-96591f837cb1
Deleted Count: 1
[2025-12-30T14:00:13.090Z] DELETE REQUEST ID=7d9a3da0-ad09-4b8a-9066-1dae023c4297 UserID=48878815-37bd-4b7e-9673-96591f837cb1
Existing: YES Owner: 48878815-37bd-4b7e-9673-96591f837cb1 RequestUser: 48878815-37bd-4b7e-9673-96591f837cb1
Deleted Count: 1
[2025-12-30T14:00:13.270Z] DELETE REQUEST ID=175c037d-2f57-4d56-a7aa-05d0f10311e2 UserID=48878815-37bd-4b7e-9673-96591f837cb1
Existing: YES Owner: 48878815-37bd-4b7e-9673-96591f837cb1 RequestUser: 48878815-37bd-4b7e-9673-96591f837cb1
Deleted Count: 1
[2025-12-30T14:00:13.434Z] DELETE REQUEST ID=c9922e84-afd6-4b5d-bc6e-80d2e3025af0 UserID=48878815-37bd-4b7e-9673-96591f837cb1
Existing: YES Owner: 48878815-37bd-4b7e-9673-96591f837cb1 RequestUser: 48878815-37bd-4b7e-9673-96591f837cb1
Deleted Count: 1
[2025-12-30T14:00:13.611Z] DELETE REQUEST ID=ba361635-4932-4348-a841-c2ec632c160d UserID=48878815-37bd-4b7e-9673-96591f837cb1
Existing: YES Owner: 48878815-37bd-4b7e-9673-96591f837cb1 RequestUser: 48878815-37bd-4b7e-9673-96591f837cb1
Deleted Count: 1
[2025-12-30T14:02:39.231Z] DELETE REQUEST ID=679bfd28-9549-4c4d-9c41-4a8705d6c62a UserID=48878815-37bd-4b7e-9673-96591f837cb1
Existing: YES Owner: 48878815-37bd-4b7e-9673-96591f837cb1 RequestUser: 48878815-37bd-4b7e-9673-96591f837cb1
Deleted Count: 1
[2025-12-30T14:02:39.645Z] DELETE REQUEST ID=936863cf-0304-4a0d-bdbd-f57b0679592c UserID=48878815-37bd-4b7e-9673-96591f837cb1
Existing: YES Owner: 48878815-37bd-4b7e-9673-96591f837cb1 RequestUser: 48878815-37bd-4b7e-9673-96591f837cb1
Deleted Count: 1
[2025-12-30T14:06:57.769Z] DELETE REQUEST ID=e4ff1c12-de69-4ebb-be39-498c283ae02e UserID=48878815-37bd-4b7e-9673-96591f837cb1
Existing: YES Owner: 48878815-37bd-4b7e-9673-96591f837cb1 RequestUser: 48878815-37bd-4b7e-9673-96591f837cb1
Deleted Count: 1
[2025-12-30T14:06:59.117Z] DELETE REQUEST ID=9d540c29-9288-4e8e-ba40-6272ff64576d UserID=48878815-37bd-4b7e-9673-96591f837cb1
Existing: YES Owner: 48878815-37bd-4b7e-9673-96591f837cb1 RequestUser: 48878815-37bd-4b7e-9673-96591f837cb1
Deleted Count: 1
[2025-12-30T15:05:52.674Z] DELETE REQUEST ID=f4ed6c29-4832-46bd-a6bb-2d80fd1a0e51 UserID=48878815-37bd-4b7e-9673-96591f837cb1
Existing: YES Owner: 48878815-37bd-4b7e-9673-96591f837cb1 RequestUser: 48878815-37bd-4b7e-9673-96591f837cb1
Deleted Count: 1
[2025-12-30T15:05:54.707Z] DELETE REQUEST ID=46f3e1b3-0ea7-4a00-beea-de0c070156b7 UserID=48878815-37bd-4b7e-9673-96591f837cb1
Existing: YES Owner: 48878815-37bd-4b7e-9673-96591f837cb1 RequestUser: 48878815-37bd-4b7e-9673-96591f837cb1
Deleted Count: 1
[2025-12-30T15:05:56.094Z] DELETE REQUEST ID=9eaafee4-d80f-4ca5-a2ca-bd929e10077f UserID=48878815-37bd-4b7e-9673-96591f837cb1
Existing: YES Owner: 48878815-37bd-4b7e-9673-96591f837cb1 RequestUser: 48878815-37bd-4b7e-9673-96591f837cb1
Deleted Count: 1
[2025-12-30T16:33:24.370Z] DELETE REQUEST ID=7e150df4-667d-40bc-ab87-7ba8d3b33f7f UserID=48878815-37bd-4b7e-9673-96591f837cb1
Existing: YES Owner: 48878815-37bd-4b7e-9673-96591f837cb1 RequestUser: 48878815-37bd-4b7e-9673-96591f837cb1
Deleted Count: 1
[2025-12-30T16:53:20.962Z] DELETE REQUEST ID=b80ee772-1541-41f9-93ac-29f81e815402 UserID=48878815-37bd-4b7e-9673-96591f837cb1
Existing: YES Owner: 48878815-37bd-4b7e-9673-96591f837cb1 RequestUser: 48878815-37bd-4b7e-9673-96591f837cb1
Deleted Count: 1
[2025-12-30T16:53:21.793Z] DELETE REQUEST ID=3d7c4235-89fe-4910-b5a6-b3b5faacb4e1 UserID=48878815-37bd-4b7e-9673-96591f837cb1
Existing: YES Owner: 48878815-37bd-4b7e-9673-96591f837cb1 RequestUser: 48878815-37bd-4b7e-9673-96591f837cb1
Deleted Count: 1
[2025-12-31T10:53:22.641Z] DELETE REQUEST ID=04ccf3f5-eafc-4430-aaaf-e51f7c51290a UserID=48878815-37bd-4b7e-9673-96591f837cb1
Existing: YES Owner: 48878815-37bd-4b7e-9673-96591f837cb1 RequestUser: 48878815-37bd-4b7e-9673-96591f837cb1
Deleted Count: 1
[2025-12-31T10:53:22.956Z] DELETE REQUEST ID=5439e808-5c5b-43cf-b98f-d062e646adb8 UserID=48878815-37bd-4b7e-9673-96591f837cb1
Existing: YES Owner: 48878815-37bd-4b7e-9673-96591f837cb1 RequestUser: 48878815-37bd-4b7e-9673-96591f837cb1
Deleted Count: 1
[2025-12-31T10:53:23.413Z] DELETE REQUEST ID=a0d44524-1157-4d1c-9cf0-6a7285a6975b UserID=48878815-37bd-4b7e-9673-96591f837cb1
Existing: YES Owner: 48878815-37bd-4b7e-9673-96591f837cb1 RequestUser: 48878815-37bd-4b7e-9673-96591f837cb1
Deleted Count: 1
[2025-12-31T11:03:26.506Z] DELETE REQUEST ID=12a82577-3e9f-4a51-ae6c-35c99cb18fe3 UserID=48878815-37bd-4b7e-9673-96591f837cb1
Existing: YES Owner: 48878815-37bd-4b7e-9673-96591f837cb1 RequestUser: 48878815-37bd-4b7e-9673-96591f837cb1
Deleted Count: 1
[2025-12-31T11:09:05.868Z] DELETE REQUEST ID=21f0f60a-05fc-4e20-b300-00bdddd1175b UserID=48878815-37bd-4b7e-9673-96591f837cb1
Existing: YES Owner: 48878815-37bd-4b7e-9673-96591f837cb1 RequestUser: 48878815-37bd-4b7e-9673-96591f837cb1
Deleted Count: 1
[2025-12-31T11:09:07.011Z] DELETE REQUEST ID=687afda4-ac6f-41d8-b9ab-67be9e4e760e UserID=48878815-37bd-4b7e-9673-96591f837cb1
Existing: YES Owner: 48878815-37bd-4b7e-9673-96591f837cb1 RequestUser: 48878815-37bd-4b7e-9673-96591f837cb1
Deleted Count: 1
[2025-12-31T11:09:07.562Z] DELETE REQUEST ID=a5926ca1-4389-4a22-860a-91bc7b097b63 UserID=48878815-37bd-4b7e-9673-96591f837cb1
Existing: YES Owner: 48878815-37bd-4b7e-9673-96591f837cb1 RequestUser: 48878815-37bd-4b7e-9673-96591f837cb1
Deleted Count: 1
[2025-12-31T20:49:47.498Z] DELETE REQUEST ID=92232391-5a5a-4c80-a143-e86ea2e22f43 UserID=48878815-37bd-4b7e-9673-96591f837cb1
Existing: YES Owner: 48878815-37bd-4b7e-9673-96591f837cb1 RequestUser: 48878815-37bd-4b7e-9673-96591f837cb1
Deleted Count: 1
[2025-12-31T20:49:47.656Z] DELETE REQUEST ID=61c4088f-0c76-41f7-a421-9ea9a7b0656e UserID=48878815-37bd-4b7e-9673-96591f837cb1
Existing: YES Owner: 48878815-37bd-4b7e-9673-96591f837cb1 RequestUser: 48878815-37bd-4b7e-9673-96591f837cb1
Deleted Count: 1
[2025-12-31T20:49:48.731Z] DELETE REQUEST ID=df54794d-7662-42a0-a666-14a7a6cd425f UserID=48878815-37bd-4b7e-9673-96591f837cb1
Existing: YES Owner: 48878815-37bd-4b7e-9673-96591f837cb1 RequestUser: 48878815-37bd-4b7e-9673-96591f837cb1
Deleted Count: 1
[2025-12-31T20:54:56.582Z] DELETE REQUEST ID=0d2f2dff-4df4-4598-8955-7f3d99115199 UserID=48878815-37bd-4b7e-9673-96591f837cb1
Existing: YES Owner: 48878815-37bd-4b7e-9673-96591f837cb1 RequestUser: 48878815-37bd-4b7e-9673-96591f837cb1
Deleted Count: 1
[2025-12-31T22:37:40.173Z] DELETE REQUEST ID=b619afd6-ca1e-401f-9a7e-f2bc575ac926 UserID=48878815-37bd-4b7e-9673-96591f837cb1
Existing: YES Owner: 48878815-37bd-4b7e-9673-96591f837cb1 RequestUser: 48878815-37bd-4b7e-9673-96591f837cb1
Deleted Count: 1
[2025-12-31T22:37:42.020Z] DELETE REQUEST ID=16bbdd33-05bb-4d16-9083-180f1af34acf UserID=48878815-37bd-4b7e-9673-96591f837cb1
Existing: YES Owner: 48878815-37bd-4b7e-9673-96591f837cb1 RequestUser: 48878815-37bd-4b7e-9673-96591f837cb1
Deleted Count: 1
[2025-12-31T22:37:42.978Z] DELETE REQUEST ID=d4de5c65-87b7-4c20-be4f-24519b41efa2 UserID=48878815-37bd-4b7e-9673-96591f837cb1
Existing: YES Owner: 48878815-37bd-4b7e-9673-96591f837cb1 RequestUser: 48878815-37bd-4b7e-9673-96591f837cb1
Deleted Count: 1
[2025-12-31T22:37:47.366Z] DELETE REQUEST ID=5cc6d12f-ab05-48dd-866c-4c866b74c654 UserID=48878815-37bd-4b7e-9673-96591f837cb1
Existing: YES Owner: 48878815-37bd-4b7e-9673-96591f837cb1 RequestUser: 48878815-37bd-4b7e-9673-96591f837cb1
Deleted Count: 1
[2025-12-31T22:43:11.660Z] DELETE REQUEST ID=5cc6d12f-ab05-48dd-866c-4c866b74c654 UserID=48878815-37bd-4b7e-9673-96591f837cb1
Existing: NO
Deleted Count: 0
[2025-12-31T22:55:15.342Z] DELETE REQUEST ID=d869b835-b1b9-4597-82dc-2d90e9311c6e UserID=48878815-37bd-4b7e-9673-96591f837cb1
Existing: YES Owner: 48878815-37bd-4b7e-9673-96591f837cb1 RequestUser: 48878815-37bd-4b7e-9673-96591f837cb1
Deleted Count: 1
[2025-12-31T23:06:39.384Z] DELETE REQUEST ID=922aa004-533d-428a-a821-79591b0f46df UserID=48878815-37bd-4b7e-9673-96591f837cb1
Existing: YES Owner: 48878815-37bd-4b7e-9673-96591f837cb1 RequestUser: 48878815-37bd-4b7e-9673-96591f837cb1
Deleted Count: 1
[2025-12-31T23:07:35.587Z] DELETE REQUEST ID=ff6f7188-6c7f-43ba-b12d-cc458eee84f4 UserID=48878815-37bd-4b7e-9673-96591f837cb1
Existing: YES Owner: 48878815-37bd-4b7e-9673-96591f837cb1 RequestUser: 48878815-37bd-4b7e-9673-96591f837cb1
Deleted Count: 1
[2025-12-31T23:18:53.992Z] DELETE REQUEST ID=ca68fc82-f837-4c28-a0f6-3cc5d49a3909 UserID=48878815-37bd-4b7e-9673-96591f837cb1
Existing: YES Owner: 48878815-37bd-4b7e-9673-96591f837cb1 RequestUser: 48878815-37bd-4b7e-9673-96591f837cb1
Deleted Count: 1
[2026-01-01T00:03:38.909Z] DELETE REQUEST ID=7ea0ead9-802d-4bb1-afb6-a3f0956b0d63 UserID=48878815-37bd-4b7e-9673-96591f837cb1
Existing: YES Owner: 48878815-37bd-4b7e-9673-96591f837cb1 RequestUser: 48878815-37bd-4b7e-9673-96591f837cb1
Deleted Count: 1
[2026-01-01T00:16:36.251Z] DELETE REQUEST ID=bee4b5b2-6b7e-4c23-90c6-c465a9c6479a UserID=48878815-37bd-4b7e-9673-96591f837cb1
Existing: YES Owner: 48878815-37bd-4b7e-9673-96591f837cb1 RequestUser: 48878815-37bd-4b7e-9673-96591f837cb1
Deleted Count: 1
[2026-01-01T01:01:46.513Z] DELETE REQUEST ID=d43ac09f-cc71-4684-b379-9886fa277518 UserID=48878815-37bd-4b7e-9673-96591f837cb1
Existing: NO
Deleted Count: 0